2025-01-01T22:47:25,753 [DEBUG] main org.pytorch.serve.util.ConfigManager - xpu-smi not available or failed: Cannot run program "xpu-smi": CreateProcess error=2, 系统找不到指定的文件。
2025-01-01T22:47:25,753 [DEBUG] main org.pytorch.serve.util.ConfigManager - xpu-smi not available or failed: Cannot run program "xpu-smi": CreateProcess error=2, 系统找不到指定的文件。
2025-01-01T22:47:25,753 [WARN ] main org.pytorch.serve.util.ConfigManager - Your torchserve instance can access any URL to load models. When deploying to production, make sure to limit the set of allowed_urls in config.properties
2025-01-01T22:47:25,753 [WARN ] main org.pytorch.serve.util.ConfigManager - Your torchserve instance can access any URL to load models. When deploying to production, make sure to limit the set of allowed_urls in config.properties
2025-01-01T22:47:25,894 [INFO ] main org.pytorch.serve.servingsdk.impl.PluginsManager - Initializing plugins manager...
2025-01-01T22:47:25,894 [INFO ] main org.pytorch.serve.servingsdk.impl.PluginsManager - Initializing plugins manager...
2025-01-01T22:47:25,989 [INFO ] main org.pytorch.serve.metrics.configuration.MetricConfiguration - Successfully loaded metrics configuration from D:\soft\Anaconda\Anaconda\envs\torchserve\Lib\site-packages/ts/configs/metrics.yaml
2025-01-01T22:47:25,989 [INFO ] main org.pytorch.serve.metrics.configuration.MetricConfiguration - Successfully loaded metrics configuration from D:\soft\Anaconda\Anaconda\envs\torchserve\Lib\site-packages/ts/configs/metrics.yaml
2025-01-01T22:47:26,189 [INFO ] main org.pytorch.serve.ModelServer - 
Torchserve version: 0.12.0
TS Home: D:\soft\Anaconda\Anaconda\envs\torchserve\Lib\site-packages
Current directory: D:\workshop\torchserve
Temp directory: C:\Users\wrwut\AppData\Local\Temp
Metrics config path: D:\soft\Anaconda\Anaconda\envs\torchserve\Lib\site-packages/ts/configs/metrics.yaml
Number of GPUs: 1
Number of CPUs: 16
Max heap size: 4042 M
Python executable: D:\soft\Anaconda\Anaconda\envs\torchserve\python.exe
Config file: N/A
Inference address: http://127.0.0.1:8080
Management address: http://127.0.0.1:8081
Metrics address: http://127.0.0.1:8082
Model Store: D:\workshop\torchserve\model_store
Initial Models: densenet161.mar
Log dir: D:\workshop\torchserve\logs
Metrics dir: D:\workshop\torchserve\logs
Netty threads: 0
Netty client threads: 0
Default workers per model: 1
Blacklist Regex: N/A
Maximum Response Size: 6553500
Maximum Request Size: 6553500
Limit Maximum Image Pixels: true
Prefer direct buffer: false
Allowed Urls: [file://.*|http(s)?://.*]
Custom python dependency for model allowed: false
Enable metrics API: true
Metrics mode: LOG
Disable system metrics: false
Workflow Store: D:\workshop\torchserve\model_store
CPP log config: N/A
Model config: N/A
System metrics command: default
Model API enabled: false
2025-01-01T22:47:26,189 [INFO ] main org.pytorch.serve.ModelServer - 
Torchserve version: 0.12.0
TS Home: D:\soft\Anaconda\Anaconda\envs\torchserve\Lib\site-packages
Current directory: D:\workshop\torchserve
Temp directory: C:\Users\wrwut\AppData\Local\Temp
Metrics config path: D:\soft\Anaconda\Anaconda\envs\torchserve\Lib\site-packages/ts/configs/metrics.yaml
Number of GPUs: 1
Number of CPUs: 16
Max heap size: 4042 M
Python executable: D:\soft\Anaconda\Anaconda\envs\torchserve\python.exe
Config file: N/A
Inference address: http://127.0.0.1:8080
Management address: http://127.0.0.1:8081
Metrics address: http://127.0.0.1:8082
Model Store: D:\workshop\torchserve\model_store
Initial Models: densenet161.mar
Log dir: D:\workshop\torchserve\logs
Metrics dir: D:\workshop\torchserve\logs
Netty threads: 0
Netty client threads: 0
Default workers per model: 1
Blacklist Regex: N/A
Maximum Response Size: 6553500
Maximum Request Size: 6553500
Limit Maximum Image Pixels: true
Prefer direct buffer: false
Allowed Urls: [file://.*|http(s)?://.*]
Custom python dependency for model allowed: false
Enable metrics API: true
Metrics mode: LOG
Disable system metrics: false
Workflow Store: D:\workshop\torchserve\model_store
CPP log config: N/A
Model config: N/A
System metrics command: default
Model API enabled: false
2025-01-01T22:47:26,205 [INFO ] main org.pytorch.serve.servingsdk.impl.PluginsManager -  Loading snapshot serializer plugin...
2025-01-01T22:47:26,205 [INFO ] main org.pytorch.serve.servingsdk.impl.PluginsManager -  Loading snapshot serializer plugin...
2025-01-01T22:47:26,205 [INFO ] main org.pytorch.serve.ModelServer - Loading initial models: densenet161.mar
2025-01-01T22:47:26,205 [INFO ] main org.pytorch.serve.ModelServer - Loading initial models: densenet161.mar
2025-01-01T22:47:27,932 [DEBUG] main org.pytorch.serve.wlm.ModelVersionedRefs - Adding new version 1.0 for model densenet161
2025-01-01T22:47:27,932 [DEBUG] main org.pytorch.serve.wlm.ModelVersionedRefs - Adding new version 1.0 for model densenet161
2025-01-01T22:47:27,932 [DEBUG] main org.pytorch.serve.wlm.ModelVersionedRefs - Setting default version to 1.0 for model densenet161
2025-01-01T22:47:27,932 [DEBUG] main org.pytorch.serve.wlm.ModelVersionedRefs - Setting default version to 1.0 for model densenet161
2025-01-01T22:47:27,932 [INFO ] main org.pytorch.serve.wlm.ModelManager - Model densenet161 loaded.
2025-01-01T22:47:27,932 [INFO ] main org.pytorch.serve.wlm.ModelManager - Model densenet161 loaded.
2025-01-01T22:47:27,932 [DEBUG] main org.pytorch.serve.wlm.ModelManager - updateModel: densenet161, count: 1
2025-01-01T22:47:27,932 [DEBUG] main org.pytorch.serve.wlm.ModelManager - updateModel: densenet161, count: 1
2025-01-01T22:47:27,948 [INFO ] main org.pytorch.serve.ModelServer - Initialize Inference server with: NioServerSocketChannel.
2025-01-01T22:47:27,948 [INFO ] main org.pytorch.serve.ModelServer - Initialize Inference server with: NioServerSocketChannel.
2025-01-01T22:47:27,948 [DEBUG] W-9000-densenet161_1.0 org.pytorch.serve.wlm.WorkerLifeCycle - Worker cmdline: [D:\soft\Anaconda\Anaconda\envs\torchserve\python.exe, D:\soft\Anaconda\Anaconda\envs\torchserve\Lib\site-packages\ts\model_service_worker.py, --sock-type, tcp, --port, 9000, --metrics-config, D:\soft\Anaconda\Anaconda\envs\torchserve\Lib\site-packages/ts/configs/metrics.yaml]
2025-01-01T22:47:27,948 [DEBUG] W-9000-densenet161_1.0 org.pytorch.serve.wlm.WorkerLifeCycle - Worker cmdline: [D:\soft\Anaconda\Anaconda\envs\torchserve\python.exe, D:\soft\Anaconda\Anaconda\envs\torchserve\Lib\site-packages\ts\model_service_worker.py, --sock-type, tcp, --port, 9000, --metrics-config, D:\soft\Anaconda\Anaconda\envs\torchserve\Lib\site-packages/ts/configs/metrics.yaml]
2025-01-01T22:47:28,027 [INFO ] main org.pytorch.serve.ModelServer - Inference API bind to: http://127.0.0.1:8080
2025-01-01T22:47:28,027 [INFO ] main org.pytorch.serve.ModelServer - Inference API bind to: http://127.0.0.1:8080
2025-01-01T22:47:28,027 [INFO ] main org.pytorch.serve.ModelServer - Initialize Management server with: NioServerSocketChannel.
2025-01-01T22:47:28,027 [INFO ] main org.pytorch.serve.ModelServer - Initialize Management server with: NioServerSocketChannel.
2025-01-01T22:47:28,042 [INFO ] main org.pytorch.serve.ModelServer - Management API bind to: http://127.0.0.1:8081
2025-01-01T22:47:28,042 [INFO ] main org.pytorch.serve.ModelServer - Management API bind to: http://127.0.0.1:8081
2025-01-01T22:47:28,042 [INFO ] main org.pytorch.serve.ModelServer - Initialize Metrics server with: NioServerSocketChannel.
2025-01-01T22:47:28,042 [INFO ] main org.pytorch.serve.ModelServer - Initialize Metrics server with: NioServerSocketChannel.
2025-01-01T22:47:28,042 [INFO ] main org.pytorch.serve.ModelServer - Metrics API bind to: http://127.0.0.1:8082
2025-01-01T22:47:28,042 [INFO ] main org.pytorch.serve.ModelServer - Metrics API bind to: http://127.0.0.1:8082
2025-01-01T22:47:28,396 [WARN ] pool-3-thread-1 org.pytorch.serve.metrics.MetricCollector - worker pid is not available yet.
2025-01-01T22:47:28,396 [WARN ] pool-3-thread-1 org.pytorch.serve.metrics.MetricCollector - worker pid is not available yet.
2025-01-01T22:47:28,614 [ERROR] Thread-1 org.pytorch.serve.metrics.MetricCollector - Traceback (most recent call last):
  File "D:\soft\Anaconda\Anaconda\envs\torchserve\Lib\site-packages\ts\metrics\metric_collector.py", line 27, in <module>
    system_metrics.collect_all(sys.modules['ts.metrics.system_metrics'], arguments.gpu)
  File "D:\soft\Anaconda\Anaconda\envs\torchserve\lib\site-packages\ts\metrics\system_metrics.py", line 119, in collect_all
    value(num_of_gpu)
  File "D:\soft\Anaconda\Anaconda\envs\torchserve\lib\site-packages\ts\metrics\system_metrics.py", line 64, in gpu_utilization
    import nvgpu
ModuleNotFoundError: No module named 'nvgpu'

2025-01-01T22:47:28,614 [ERROR] Thread-1 org.pytorch.serve.metrics.MetricCollector - Traceback (most recent call last):
  File "D:\soft\Anaconda\Anaconda\envs\torchserve\Lib\site-packages\ts\metrics\metric_collector.py", line 27, in <module>
    system_metrics.collect_all(sys.modules['ts.metrics.system_metrics'], arguments.gpu)
  File "D:\soft\Anaconda\Anaconda\envs\torchserve\lib\site-packages\ts\metrics\system_metrics.py", line 119, in collect_all
    value(num_of_gpu)
  File "D:\soft\Anaconda\Anaconda\envs\torchserve\lib\site-packages\ts\metrics\system_metrics.py", line 64, in gpu_utilization
    import nvgpu
ModuleNotFoundError: No module named 'nvgpu'

2025-01-01T22:48:00,225 [INFO ] W-9000-densenet161_1.0-stdout MODEL_LOG - Listening on addr:port: 127.0.0.1:9000
2025-01-01T22:48:00,237 [INFO ] W-9000-densenet161_1.0-stdout MODEL_LOG - Successfully loaded D:\soft\Anaconda\Anaconda\envs\torchserve\Lib\site-packages/ts/configs/metrics.yaml.
2025-01-01T22:48:00,237 [INFO ] W-9000-densenet161_1.0-stdout MODEL_LOG - [PID]11268
2025-01-01T22:48:00,237 [INFO ] W-9000-densenet161_1.0-stdout MODEL_LOG - Torch worker started.
2025-01-01T22:48:00,237 [DEBUG] W-9000-densenet161_1.0 org.pytorch.serve.wlm.WorkerThread - W-9000-densenet161_1.0 State change null -> WORKER_STARTED
2025-01-01T22:48:00,237 [INFO ] W-9000-densenet161_1.0-stdout MODEL_LOG - Python runtime: 3.9.21
2025-01-01T22:48:00,237 [DEBUG] W-9000-densenet161_1.0 org.pytorch.serve.wlm.WorkerThread - W-9000-densenet161_1.0 State change null -> WORKER_STARTED
2025-01-01T22:48:00,266 [INFO ] W-9000-densenet161_1.0 org.pytorch.serve.wlm.WorkerThread - Connecting to: /127.0.0.1:9000
2025-01-01T22:48:00,266 [INFO ] W-9000-densenet161_1.0 org.pytorch.serve.wlm.WorkerThread - Connecting to: /127.0.0.1:9000
2025-01-01T22:48:00,282 [INFO ] W-9000-densenet161_1.0-stdout MODEL_LOG - Connection accepted: ('127.0.0.1', 9000).
2025-01-01T22:48:00,297 [DEBUG] W-9000-densenet161_1.0 org.pytorch.serve.wlm.WorkerThread - Flushing req.cmd LOAD repeats 1 to backend at: 1735742880297
2025-01-01T22:48:00,297 [DEBUG] W-9000-densenet161_1.0 org.pytorch.serve.wlm.WorkerThread - Flushing req.cmd LOAD repeats 1 to backend at: 1735742880297
2025-01-01T22:48:00,303 [INFO ] W-9000-densenet161_1.0 org.pytorch.serve.wlm.WorkerThread - Looping backend response at: 1735742880303
2025-01-01T22:48:00,303 [INFO ] W-9000-densenet161_1.0 org.pytorch.serve.wlm.WorkerThread - Looping backend response at: 1735742880303
2025-01-01T22:48:00,338 [INFO ] W-9000-densenet161_1.0-stdout MODEL_LOG - model_name: densenet161, batchSize: 1
2025-01-01T22:48:06,394 [INFO ] W-9000-densenet161_1.0-stdout MODEL_LOG - generated new fontManager
2025-01-01T22:48:07,173 [INFO ] W-9000-densenet161_1.0-stdout MODEL_LOG - Your torch version is 1.12.0+cu113 which does not support torch.compile
2025-01-01T22:48:07,173 [INFO ] W-9000-densenet161_1.0-stdout MODEL_LOG - OpenVINO is not enabled
2025-01-01T22:48:07,173 [INFO ] W-9000-densenet161_1.0-stdout MODEL_LOG - proceeding without onnxruntime
2025-01-01T22:48:07,173 [INFO ] W-9000-densenet161_1.0-stdout MODEL_LOG - Torch TensorRT not enabled
2025-01-01T22:48:10,044 [INFO ] W-9000-densenet161_1.0 org.pytorch.serve.wlm.WorkerThread - Backend response time: 9739
2025-01-01T22:48:10,044 [INFO ] W-9000-densenet161_1.0 org.pytorch.serve.wlm.WorkerThread - Backend response time: 9739
2025-01-01T22:48:10,044 [DEBUG] W-9000-densenet161_1.0 org.pytorch.serve.wlm.WorkerThread - W-9000-densenet161_1.0 State change WORKER_STARTED -> WORKER_MODEL_LOADED
2025-01-01T22:48:10,044 [DEBUG] W-9000-densenet161_1.0 org.pytorch.serve.wlm.WorkerThread - W-9000-densenet161_1.0 State change WORKER_STARTED -> WORKER_MODEL_LOADED
2025-01-01T22:48:10,044 [INFO ] W-9000-densenet161_1.0 TS_METRICS - WorkerLoadTime.Milliseconds:42112.0|#WorkerName:W-9000-densenet161_1.0,Level:Host|#hostname:LAPTOP-K5A5D0SQ,timestamp:1735742890
2025-01-01T22:48:10,044 [INFO ] W-9000-densenet161_1.0 TS_METRICS - WorkerThreadTime.Milliseconds:8.0|#Level:Host|#hostname:LAPTOP-K5A5D0SQ,timestamp:1735742890
2025-01-01T22:48:28,597 [ERROR] Thread-2 org.pytorch.serve.metrics.MetricCollector - Traceback (most recent call last):
  File "D:\soft\Anaconda\Anaconda\envs\torchserve\Lib\site-packages\ts\metrics\metric_collector.py", line 27, in <module>
    system_metrics.collect_all(sys.modules['ts.metrics.system_metrics'], arguments.gpu)
  File "D:\soft\Anaconda\Anaconda\envs\torchserve\lib\site-packages\ts\metrics\system_metrics.py", line 119, in collect_all
    value(num_of_gpu)
  File "D:\soft\Anaconda\Anaconda\envs\torchserve\lib\site-packages\ts\metrics\system_metrics.py", line 64, in gpu_utilization
    import nvgpu
ModuleNotFoundError: No module named 'nvgpu'

2025-01-01T22:48:28,597 [ERROR] Thread-2 org.pytorch.serve.metrics.MetricCollector - Traceback (most recent call last):
  File "D:\soft\Anaconda\Anaconda\envs\torchserve\Lib\site-packages\ts\metrics\metric_collector.py", line 27, in <module>
    system_metrics.collect_all(sys.modules['ts.metrics.system_metrics'], arguments.gpu)
  File "D:\soft\Anaconda\Anaconda\envs\torchserve\lib\site-packages\ts\metrics\system_metrics.py", line 119, in collect_all
    value(num_of_gpu)
  File "D:\soft\Anaconda\Anaconda\envs\torchserve\lib\site-packages\ts\metrics\system_metrics.py", line 64, in gpu_utilization
    import nvgpu
ModuleNotFoundError: No module named 'nvgpu'

2025-01-01T22:49:28,614 [ERROR] Thread-3 org.pytorch.serve.metrics.MetricCollector - Traceback (most recent call last):
  File "D:\soft\Anaconda\Anaconda\envs\torchserve\Lib\site-packages\ts\metrics\metric_collector.py", line 27, in <module>
    system_metrics.collect_all(sys.modules['ts.metrics.system_metrics'], arguments.gpu)
  File "D:\soft\Anaconda\Anaconda\envs\torchserve\lib\site-packages\ts\metrics\system_metrics.py", line 119, in collect_all
    value(num_of_gpu)
  File "D:\soft\Anaconda\Anaconda\envs\torchserve\lib\site-packages\ts\metrics\system_metrics.py", line 64, in gpu_utilization
    import nvgpu
ModuleNotFoundError: No module named 'nvgpu'

2025-01-01T22:49:28,614 [ERROR] Thread-3 org.pytorch.serve.metrics.MetricCollector - Traceback (most recent call last):
  File "D:\soft\Anaconda\Anaconda\envs\torchserve\Lib\site-packages\ts\metrics\metric_collector.py", line 27, in <module>
    system_metrics.collect_all(sys.modules['ts.metrics.system_metrics'], arguments.gpu)
  File "D:\soft\Anaconda\Anaconda\envs\torchserve\lib\site-packages\ts\metrics\system_metrics.py", line 119, in collect_all
    value(num_of_gpu)
  File "D:\soft\Anaconda\Anaconda\envs\torchserve\lib\site-packages\ts\metrics\system_metrics.py", line 64, in gpu_utilization
    import nvgpu
ModuleNotFoundError: No module named 'nvgpu'

2025-01-01T22:50:19,449 [INFO ] nioEventLoopGroup-3-1 ACCESS_LOG - /127.0.0.1:54868 "GET /ping HTTP/1.1" 400 0
2025-01-01T22:50:19,449 [INFO ] nioEventLoopGroup-3-1 TS_METRICS - Requests4XX.Count:1.0|#Level:Host|#hostname:LAPTOP-K5A5D0SQ,timestamp:1735743019
2025-01-01T22:50:28,623 [ERROR] Thread-4 org.pytorch.serve.metrics.MetricCollector - Traceback (most recent call last):
  File "D:\soft\Anaconda\Anaconda\envs\torchserve\Lib\site-packages\ts\metrics\metric_collector.py", line 27, in <module>
    system_metrics.collect_all(sys.modules['ts.metrics.system_metrics'], arguments.gpu)
  File "D:\soft\Anaconda\Anaconda\envs\torchserve\lib\site-packages\ts\metrics\system_metrics.py", line 119, in collect_all
    value(num_of_gpu)
  File "D:\soft\Anaconda\Anaconda\envs\torchserve\lib\site-packages\ts\metrics\system_metrics.py", line 64, in gpu_utilization
    import nvgpu
ModuleNotFoundError: No module named 'nvgpu'

2025-01-01T22:50:28,623 [ERROR] Thread-4 org.pytorch.serve.metrics.MetricCollector - Traceback (most recent call last):
  File "D:\soft\Anaconda\Anaconda\envs\torchserve\Lib\site-packages\ts\metrics\metric_collector.py", line 27, in <module>
    system_metrics.collect_all(sys.modules['ts.metrics.system_metrics'], arguments.gpu)
  File "D:\soft\Anaconda\Anaconda\envs\torchserve\lib\site-packages\ts\metrics\system_metrics.py", line 119, in collect_all
    value(num_of_gpu)
  File "D:\soft\Anaconda\Anaconda\envs\torchserve\lib\site-packages\ts\metrics\system_metrics.py", line 64, in gpu_utilization
    import nvgpu
ModuleNotFoundError: No module named 'nvgpu'

2025-01-01T22:51:39,653 [DEBUG] main org.pytorch.serve.util.ConfigManager - xpu-smi not available or failed: Cannot run program "xpu-smi": CreateProcess error=2, 系统找不到指定的文件。
2025-01-01T22:51:39,653 [DEBUG] main org.pytorch.serve.util.ConfigManager - xpu-smi not available or failed: Cannot run program "xpu-smi": CreateProcess error=2, 系统找不到指定的文件。
2025-01-01T22:51:39,653 [WARN ] main org.pytorch.serve.util.ConfigManager - Your torchserve instance can access any URL to load models. When deploying to production, make sure to limit the set of allowed_urls in config.properties
2025-01-01T22:51:39,653 [WARN ] main org.pytorch.serve.util.ConfigManager - Your torchserve instance can access any URL to load models. When deploying to production, make sure to limit the set of allowed_urls in config.properties
2025-01-01T22:51:39,684 [INFO ] main org.pytorch.serve.servingsdk.impl.PluginsManager - Initializing plugins manager...
2025-01-01T22:51:39,684 [INFO ] main org.pytorch.serve.servingsdk.impl.PluginsManager - Initializing plugins manager...
2025-01-01T22:51:39,794 [INFO ] main org.pytorch.serve.metrics.configuration.MetricConfiguration - Successfully loaded metrics configuration from D:\soft\Anaconda\Anaconda\envs\torchserve\Lib\site-packages/ts/configs/metrics.yaml
2025-01-01T22:51:39,794 [INFO ] main org.pytorch.serve.metrics.configuration.MetricConfiguration - Successfully loaded metrics configuration from D:\soft\Anaconda\Anaconda\envs\torchserve\Lib\site-packages/ts/configs/metrics.yaml
2025-01-01T22:51:40,024 [INFO ] main org.pytorch.serve.ModelServer - 
Torchserve version: 0.12.0
TS Home: D:\soft\Anaconda\Anaconda\envs\torchserve\Lib\site-packages
Current directory: D:\workshop\torchserve
Temp directory: C:\Users\wrwut\AppData\Local\Temp
Metrics config path: D:\soft\Anaconda\Anaconda\envs\torchserve\Lib\site-packages/ts/configs/metrics.yaml
Number of GPUs: 1
Number of CPUs: 16
Max heap size: 4042 M
Python executable: D:\soft\Anaconda\Anaconda\envs\torchserve\python.exe
Config file: N/A
Inference address: http://127.0.0.1:8080
Management address: http://127.0.0.1:8081
Metrics address: http://127.0.0.1:8082
Model Store: D:\workshop\torchserve\model_store
Initial Models: densenet161=densenet161.mar
Log dir: D:\workshop\torchserve\logs
Metrics dir: D:\workshop\torchserve\logs
Netty threads: 0
Netty client threads: 0
Default workers per model: 1
Blacklist Regex: N/A
Maximum Response Size: 6553500
Maximum Request Size: 6553500
Limit Maximum Image Pixels: true
Prefer direct buffer: false
Allowed Urls: [file://.*|http(s)?://.*]
Custom python dependency for model allowed: false
Enable metrics API: true
Metrics mode: LOG
Disable system metrics: false
Workflow Store: D:\workshop\torchserve\model_store
CPP log config: N/A
Model config: N/A
System metrics command: default
Model API enabled: false
2025-01-01T22:51:40,024 [INFO ] main org.pytorch.serve.ModelServer - 
Torchserve version: 0.12.0
TS Home: D:\soft\Anaconda\Anaconda\envs\torchserve\Lib\site-packages
Current directory: D:\workshop\torchserve
Temp directory: C:\Users\wrwut\AppData\Local\Temp
Metrics config path: D:\soft\Anaconda\Anaconda\envs\torchserve\Lib\site-packages/ts/configs/metrics.yaml
Number of GPUs: 1
Number of CPUs: 16
Max heap size: 4042 M
Python executable: D:\soft\Anaconda\Anaconda\envs\torchserve\python.exe
Config file: N/A
Inference address: http://127.0.0.1:8080
Management address: http://127.0.0.1:8081
Metrics address: http://127.0.0.1:8082
Model Store: D:\workshop\torchserve\model_store
Initial Models: densenet161=densenet161.mar
Log dir: D:\workshop\torchserve\logs
Metrics dir: D:\workshop\torchserve\logs
Netty threads: 0
Netty client threads: 0
Default workers per model: 1
Blacklist Regex: N/A
Maximum Response Size: 6553500
Maximum Request Size: 6553500
Limit Maximum Image Pixels: true
Prefer direct buffer: false
Allowed Urls: [file://.*|http(s)?://.*]
Custom python dependency for model allowed: false
Enable metrics API: true
Metrics mode: LOG
Disable system metrics: false
Workflow Store: D:\workshop\torchserve\model_store
CPP log config: N/A
Model config: N/A
System metrics command: default
Model API enabled: false
2025-01-01T22:51:40,040 [INFO ] main org.pytorch.serve.servingsdk.impl.PluginsManager -  Loading snapshot serializer plugin...
2025-01-01T22:51:40,040 [INFO ] main org.pytorch.serve.servingsdk.impl.PluginsManager -  Loading snapshot serializer plugin...
2025-01-01T22:51:40,056 [INFO ] main org.pytorch.serve.ModelServer - Loading initial models: densenet161.mar
2025-01-01T22:51:40,056 [INFO ] main org.pytorch.serve.ModelServer - Loading initial models: densenet161.mar
2025-01-01T22:51:41,652 [DEBUG] main org.pytorch.serve.wlm.ModelVersionedRefs - Adding new version 1.0 for model densenet161
2025-01-01T22:51:41,652 [DEBUG] main org.pytorch.serve.wlm.ModelVersionedRefs - Adding new version 1.0 for model densenet161
2025-01-01T22:51:41,652 [DEBUG] main org.pytorch.serve.wlm.ModelVersionedRefs - Setting default version to 1.0 for model densenet161
2025-01-01T22:51:41,652 [DEBUG] main org.pytorch.serve.wlm.ModelVersionedRefs - Setting default version to 1.0 for model densenet161
2025-01-01T22:51:41,668 [INFO ] main org.pytorch.serve.wlm.ModelManager - Model densenet161 loaded.
2025-01-01T22:51:41,668 [INFO ] main org.pytorch.serve.wlm.ModelManager - Model densenet161 loaded.
2025-01-01T22:51:41,668 [DEBUG] main org.pytorch.serve.wlm.ModelManager - updateModel: densenet161, count: 1
2025-01-01T22:51:41,668 [DEBUG] main org.pytorch.serve.wlm.ModelManager - updateModel: densenet161, count: 1
2025-01-01T22:51:41,684 [INFO ] main org.pytorch.serve.ModelServer - Initialize Inference server with: NioServerSocketChannel.
2025-01-01T22:51:41,684 [INFO ] main org.pytorch.serve.ModelServer - Initialize Inference server with: NioServerSocketChannel.
2025-01-01T22:51:41,684 [DEBUG] W-9000-densenet161_1.0 org.pytorch.serve.wlm.WorkerLifeCycle - Worker cmdline: [D:\soft\Anaconda\Anaconda\envs\torchserve\python.exe, D:\soft\Anaconda\Anaconda\envs\torchserve\Lib\site-packages\ts\model_service_worker.py, --sock-type, tcp, --port, 9000, --metrics-config, D:\soft\Anaconda\Anaconda\envs\torchserve\Lib\site-packages/ts/configs/metrics.yaml]
2025-01-01T22:51:41,684 [DEBUG] W-9000-densenet161_1.0 org.pytorch.serve.wlm.WorkerLifeCycle - Worker cmdline: [D:\soft\Anaconda\Anaconda\envs\torchserve\python.exe, D:\soft\Anaconda\Anaconda\envs\torchserve\Lib\site-packages\ts\model_service_worker.py, --sock-type, tcp, --port, 9000, --metrics-config, D:\soft\Anaconda\Anaconda\envs\torchserve\Lib\site-packages/ts/configs/metrics.yaml]
2025-01-01T22:51:41,825 [INFO ] main org.pytorch.serve.ModelServer - Inference API bind to: http://127.0.0.1:8080
2025-01-01T22:51:41,825 [INFO ] main org.pytorch.serve.ModelServer - Inference API bind to: http://127.0.0.1:8080
2025-01-01T22:51:41,825 [INFO ] main org.pytorch.serve.ModelServer - Initialize Management server with: NioServerSocketChannel.
2025-01-01T22:51:41,825 [INFO ] main org.pytorch.serve.ModelServer - Initialize Management server with: NioServerSocketChannel.
2025-01-01T22:51:41,825 [INFO ] main org.pytorch.serve.ModelServer - Management API bind to: http://127.0.0.1:8081
2025-01-01T22:51:41,825 [INFO ] main org.pytorch.serve.ModelServer - Management API bind to: http://127.0.0.1:8081
2025-01-01T22:51:41,825 [INFO ] main org.pytorch.serve.ModelServer - Initialize Metrics server with: NioServerSocketChannel.
2025-01-01T22:51:41,825 [INFO ] main org.pytorch.serve.ModelServer - Initialize Metrics server with: NioServerSocketChannel.
2025-01-01T22:51:41,825 [INFO ] main org.pytorch.serve.ModelServer - Metrics API bind to: http://127.0.0.1:8082
2025-01-01T22:51:41,825 [INFO ] main org.pytorch.serve.ModelServer - Metrics API bind to: http://127.0.0.1:8082
2025-01-01T22:51:42,175 [WARN ] pool-3-thread-1 org.pytorch.serve.metrics.MetricCollector - worker pid is not available yet.
2025-01-01T22:51:42,175 [WARN ] pool-3-thread-1 org.pytorch.serve.metrics.MetricCollector - worker pid is not available yet.
2025-01-01T22:51:42,390 [ERROR] Thread-1 org.pytorch.serve.metrics.MetricCollector - Traceback (most recent call last):
  File "D:\soft\Anaconda\Anaconda\envs\torchserve\Lib\site-packages\ts\metrics\metric_collector.py", line 27, in <module>
    system_metrics.collect_all(sys.modules['ts.metrics.system_metrics'], arguments.gpu)
  File "D:\soft\Anaconda\Anaconda\envs\torchserve\lib\site-packages\ts\metrics\system_metrics.py", line 119, in collect_all
    value(num_of_gpu)
  File "D:\soft\Anaconda\Anaconda\envs\torchserve\lib\site-packages\ts\metrics\system_metrics.py", line 64, in gpu_utilization
    import nvgpu
ModuleNotFoundError: No module named 'nvgpu'

2025-01-01T22:51:42,390 [ERROR] Thread-1 org.pytorch.serve.metrics.MetricCollector - Traceback (most recent call last):
  File "D:\soft\Anaconda\Anaconda\envs\torchserve\Lib\site-packages\ts\metrics\metric_collector.py", line 27, in <module>
    system_metrics.collect_all(sys.modules['ts.metrics.system_metrics'], arguments.gpu)
  File "D:\soft\Anaconda\Anaconda\envs\torchserve\lib\site-packages\ts\metrics\system_metrics.py", line 119, in collect_all
    value(num_of_gpu)
  File "D:\soft\Anaconda\Anaconda\envs\torchserve\lib\site-packages\ts\metrics\system_metrics.py", line 64, in gpu_utilization
    import nvgpu
ModuleNotFoundError: No module named 'nvgpu'

2025-01-01T22:51:43,502 [INFO ] W-9000-densenet161_1.0-stdout MODEL_LOG - Listening on addr:port: 127.0.0.1:9000
2025-01-01T22:51:43,502 [INFO ] W-9000-densenet161_1.0-stdout MODEL_LOG - Successfully loaded D:\soft\Anaconda\Anaconda\envs\torchserve\Lib\site-packages/ts/configs/metrics.yaml.
2025-01-01T22:51:43,502 [INFO ] W-9000-densenet161_1.0-stdout MODEL_LOG - [PID]4544
2025-01-01T22:51:43,502 [INFO ] W-9000-densenet161_1.0-stdout MODEL_LOG - Torch worker started.
2025-01-01T22:51:43,502 [DEBUG] W-9000-densenet161_1.0 org.pytorch.serve.wlm.WorkerThread - W-9000-densenet161_1.0 State change null -> WORKER_STARTED
2025-01-01T22:51:43,502 [INFO ] W-9000-densenet161_1.0-stdout MODEL_LOG - Python runtime: 3.9.21
2025-01-01T22:51:43,502 [DEBUG] W-9000-densenet161_1.0 org.pytorch.serve.wlm.WorkerThread - W-9000-densenet161_1.0 State change null -> WORKER_STARTED
2025-01-01T22:51:43,517 [INFO ] W-9000-densenet161_1.0 org.pytorch.serve.wlm.WorkerThread - Connecting to: /127.0.0.1:9000
2025-01-01T22:51:43,517 [INFO ] W-9000-densenet161_1.0 org.pytorch.serve.wlm.WorkerThread - Connecting to: /127.0.0.1:9000
2025-01-01T22:51:43,535 [INFO ] W-9000-densenet161_1.0-stdout MODEL_LOG - Connection accepted: ('127.0.0.1', 9000).
2025-01-01T22:51:43,535 [DEBUG] W-9000-densenet161_1.0 org.pytorch.serve.wlm.WorkerThread - Flushing req.cmd LOAD repeats 1 to backend at: 1735743103535
2025-01-01T22:51:43,535 [DEBUG] W-9000-densenet161_1.0 org.pytorch.serve.wlm.WorkerThread - Flushing req.cmd LOAD repeats 1 to backend at: 1735743103535
2025-01-01T22:51:43,535 [INFO ] W-9000-densenet161_1.0 org.pytorch.serve.wlm.WorkerThread - Looping backend response at: 1735743103535
2025-01-01T22:51:43,535 [INFO ] W-9000-densenet161_1.0 org.pytorch.serve.wlm.WorkerThread - Looping backend response at: 1735743103535
2025-01-01T22:51:43,551 [INFO ] W-9000-densenet161_1.0-stdout MODEL_LOG - model_name: densenet161, batchSize: 1
2025-01-01T22:51:44,359 [INFO ] W-9000-densenet161_1.0-stdout MODEL_LOG - Your torch version is 1.12.0+cu113 which does not support torch.compile
2025-01-01T22:51:44,359 [INFO ] W-9000-densenet161_1.0-stdout MODEL_LOG - OpenVINO is not enabled
2025-01-01T22:51:44,375 [INFO ] W-9000-densenet161_1.0-stdout MODEL_LOG - proceeding without onnxruntime
2025-01-01T22:51:44,375 [INFO ] W-9000-densenet161_1.0-stdout MODEL_LOG - Torch TensorRT not enabled
2025-01-01T22:51:45,586 [INFO ] W-9000-densenet161_1.0 org.pytorch.serve.wlm.WorkerThread - Backend response time: 2051
2025-01-01T22:51:45,586 [INFO ] W-9000-densenet161_1.0 org.pytorch.serve.wlm.WorkerThread - Backend response time: 2051
2025-01-01T22:51:45,586 [DEBUG] W-9000-densenet161_1.0 org.pytorch.serve.wlm.WorkerThread - W-9000-densenet161_1.0 State change WORKER_STARTED -> WORKER_MODEL_LOADED
2025-01-01T22:51:45,586 [DEBUG] W-9000-densenet161_1.0 org.pytorch.serve.wlm.WorkerThread - W-9000-densenet161_1.0 State change WORKER_STARTED -> WORKER_MODEL_LOADED
2025-01-01T22:51:45,586 [INFO ] W-9000-densenet161_1.0 TS_METRICS - WorkerLoadTime.Milliseconds:3918.0|#WorkerName:W-9000-densenet161_1.0,Level:Host|#hostname:LAPTOP-K5A5D0SQ,timestamp:1735743105
2025-01-01T22:51:45,586 [INFO ] W-9000-densenet161_1.0 TS_METRICS - WorkerThreadTime.Milliseconds:0.0|#Level:Host|#hostname:LAPTOP-K5A5D0SQ,timestamp:1735743105
2025-01-01T22:52:19,306 [INFO ] pool-2-thread-2 ACCESS_LOG - /127.0.0.1:54896 "GET /ping HTTP/1.1" 200 0
2025-01-01T22:52:19,306 [INFO ] pool-2-thread-2 TS_METRICS - Requests2XX.Count:1.0|#Level:Host|#hostname:LAPTOP-K5A5D0SQ,timestamp:1735743139
2025-01-01T22:52:42,369 [ERROR] Thread-2 org.pytorch.serve.metrics.MetricCollector - Traceback (most recent call last):
  File "D:\soft\Anaconda\Anaconda\envs\torchserve\Lib\site-packages\ts\metrics\metric_collector.py", line 27, in <module>
    system_metrics.collect_all(sys.modules['ts.metrics.system_metrics'], arguments.gpu)
  File "D:\soft\Anaconda\Anaconda\envs\torchserve\lib\site-packages\ts\metrics\system_metrics.py", line 119, in collect_all
    value(num_of_gpu)
  File "D:\soft\Anaconda\Anaconda\envs\torchserve\lib\site-packages\ts\metrics\system_metrics.py", line 64, in gpu_utilization
    import nvgpu
ModuleNotFoundError: No module named 'nvgpu'

2025-01-01T22:52:42,369 [ERROR] Thread-2 org.pytorch.serve.metrics.MetricCollector - Traceback (most recent call last):
  File "D:\soft\Anaconda\Anaconda\envs\torchserve\Lib\site-packages\ts\metrics\metric_collector.py", line 27, in <module>
    system_metrics.collect_all(sys.modules['ts.metrics.system_metrics'], arguments.gpu)
  File "D:\soft\Anaconda\Anaconda\envs\torchserve\lib\site-packages\ts\metrics\system_metrics.py", line 119, in collect_all
    value(num_of_gpu)
  File "D:\soft\Anaconda\Anaconda\envs\torchserve\lib\site-packages\ts\metrics\system_metrics.py", line 64, in gpu_utilization
    import nvgpu
ModuleNotFoundError: No module named 'nvgpu'

2025-01-01T22:52:45,257 [INFO ] nioEventLoopGroup-3-2 ACCESS_LOG - /127.0.0.1:54909 "GET /models HTTP/1.1" 200 0
2025-01-01T22:52:45,257 [INFO ] nioEventLoopGroup-3-2 TS_METRICS - Requests2XX.Count:1.0|#Level:Host|#hostname:LAPTOP-K5A5D0SQ,timestamp:1735743165
2025-01-01T22:53:42,404 [ERROR] Thread-3 org.pytorch.serve.metrics.MetricCollector - Traceback (most recent call last):
  File "D:\soft\Anaconda\Anaconda\envs\torchserve\Lib\site-packages\ts\metrics\metric_collector.py", line 27, in <module>
    system_metrics.collect_all(sys.modules['ts.metrics.system_metrics'], arguments.gpu)
  File "D:\soft\Anaconda\Anaconda\envs\torchserve\lib\site-packages\ts\metrics\system_metrics.py", line 119, in collect_all
    value(num_of_gpu)
  File "D:\soft\Anaconda\Anaconda\envs\torchserve\lib\site-packages\ts\metrics\system_metrics.py", line 64, in gpu_utilization
    import nvgpu
ModuleNotFoundError: No module named 'nvgpu'

2025-01-01T22:53:42,404 [ERROR] Thread-3 org.pytorch.serve.metrics.MetricCollector - Traceback (most recent call last):
  File "D:\soft\Anaconda\Anaconda\envs\torchserve\Lib\site-packages\ts\metrics\metric_collector.py", line 27, in <module>
    system_metrics.collect_all(sys.modules['ts.metrics.system_metrics'], arguments.gpu)
  File "D:\soft\Anaconda\Anaconda\envs\torchserve\lib\site-packages\ts\metrics\system_metrics.py", line 119, in collect_all
    value(num_of_gpu)
  File "D:\soft\Anaconda\Anaconda\envs\torchserve\lib\site-packages\ts\metrics\system_metrics.py", line 64, in gpu_utilization
    import nvgpu
ModuleNotFoundError: No module named 'nvgpu'

2025-01-01T22:54:42,332 [ERROR] Thread-4 org.pytorch.serve.metrics.MetricCollector - Traceback (most recent call last):
  File "D:\soft\Anaconda\Anaconda\envs\torchserve\Lib\site-packages\ts\metrics\metric_collector.py", line 27, in <module>
    system_metrics.collect_all(sys.modules['ts.metrics.system_metrics'], arguments.gpu)
  File "D:\soft\Anaconda\Anaconda\envs\torchserve\lib\site-packages\ts\metrics\system_metrics.py", line 119, in collect_all
    value(num_of_gpu)
  File "D:\soft\Anaconda\Anaconda\envs\torchserve\lib\site-packages\ts\metrics\system_metrics.py", line 64, in gpu_utilization
    import nvgpu
ModuleNotFoundError: No module named 'nvgpu'

2025-01-01T22:54:42,332 [ERROR] Thread-4 org.pytorch.serve.metrics.MetricCollector - Traceback (most recent call last):
  File "D:\soft\Anaconda\Anaconda\envs\torchserve\Lib\site-packages\ts\metrics\metric_collector.py", line 27, in <module>
    system_metrics.collect_all(sys.modules['ts.metrics.system_metrics'], arguments.gpu)
  File "D:\soft\Anaconda\Anaconda\envs\torchserve\lib\site-packages\ts\metrics\system_metrics.py", line 119, in collect_all
    value(num_of_gpu)
  File "D:\soft\Anaconda\Anaconda\envs\torchserve\lib\site-packages\ts\metrics\system_metrics.py", line 64, in gpu_utilization
    import nvgpu
ModuleNotFoundError: No module named 'nvgpu'

2025-01-01T22:55:42,377 [ERROR] Thread-5 org.pytorch.serve.metrics.MetricCollector - Traceback (most recent call last):
  File "D:\soft\Anaconda\Anaconda\envs\torchserve\Lib\site-packages\ts\metrics\metric_collector.py", line 27, in <module>
    system_metrics.collect_all(sys.modules['ts.metrics.system_metrics'], arguments.gpu)
  File "D:\soft\Anaconda\Anaconda\envs\torchserve\lib\site-packages\ts\metrics\system_metrics.py", line 119, in collect_all
    value(num_of_gpu)
  File "D:\soft\Anaconda\Anaconda\envs\torchserve\lib\site-packages\ts\metrics\system_metrics.py", line 64, in gpu_utilization
    import nvgpu
ModuleNotFoundError: No module named 'nvgpu'

2025-01-01T22:55:42,377 [ERROR] Thread-5 org.pytorch.serve.metrics.MetricCollector - Traceback (most recent call last):
  File "D:\soft\Anaconda\Anaconda\envs\torchserve\Lib\site-packages\ts\metrics\metric_collector.py", line 27, in <module>
    system_metrics.collect_all(sys.modules['ts.metrics.system_metrics'], arguments.gpu)
  File "D:\soft\Anaconda\Anaconda\envs\torchserve\lib\site-packages\ts\metrics\system_metrics.py", line 119, in collect_all
    value(num_of_gpu)
  File "D:\soft\Anaconda\Anaconda\envs\torchserve\lib\site-packages\ts\metrics\system_metrics.py", line 64, in gpu_utilization
    import nvgpu
ModuleNotFoundError: No module named 'nvgpu'

2025-01-01T22:56:42,390 [ERROR] Thread-6 org.pytorch.serve.metrics.MetricCollector - Traceback (most recent call last):
  File "D:\soft\Anaconda\Anaconda\envs\torchserve\Lib\site-packages\ts\metrics\metric_collector.py", line 27, in <module>
    system_metrics.collect_all(sys.modules['ts.metrics.system_metrics'], arguments.gpu)
  File "D:\soft\Anaconda\Anaconda\envs\torchserve\lib\site-packages\ts\metrics\system_metrics.py", line 119, in collect_all
    value(num_of_gpu)
  File "D:\soft\Anaconda\Anaconda\envs\torchserve\lib\site-packages\ts\metrics\system_metrics.py", line 64, in gpu_utilization
    import nvgpu
ModuleNotFoundError: No module named 'nvgpu'

2025-01-01T22:56:42,390 [ERROR] Thread-6 org.pytorch.serve.metrics.MetricCollector - Traceback (most recent call last):
  File "D:\soft\Anaconda\Anaconda\envs\torchserve\Lib\site-packages\ts\metrics\metric_collector.py", line 27, in <module>
    system_metrics.collect_all(sys.modules['ts.metrics.system_metrics'], arguments.gpu)
  File "D:\soft\Anaconda\Anaconda\envs\torchserve\lib\site-packages\ts\metrics\system_metrics.py", line 119, in collect_all
    value(num_of_gpu)
  File "D:\soft\Anaconda\Anaconda\envs\torchserve\lib\site-packages\ts\metrics\system_metrics.py", line 64, in gpu_utilization
    import nvgpu
ModuleNotFoundError: No module named 'nvgpu'

2025-01-01T22:57:42,459 [ERROR] Thread-7 org.pytorch.serve.metrics.MetricCollector - Traceback (most recent call last):
  File "D:\soft\Anaconda\Anaconda\envs\torchserve\Lib\site-packages\ts\metrics\metric_collector.py", line 27, in <module>
    system_metrics.collect_all(sys.modules['ts.metrics.system_metrics'], arguments.gpu)
  File "D:\soft\Anaconda\Anaconda\envs\torchserve\lib\site-packages\ts\metrics\system_metrics.py", line 119, in collect_all
    value(num_of_gpu)
  File "D:\soft\Anaconda\Anaconda\envs\torchserve\lib\site-packages\ts\metrics\system_metrics.py", line 64, in gpu_utilization
    import nvgpu
ModuleNotFoundError: No module named 'nvgpu'

2025-01-01T22:57:42,459 [ERROR] Thread-7 org.pytorch.serve.metrics.MetricCollector - Traceback (most recent call last):
  File "D:\soft\Anaconda\Anaconda\envs\torchserve\Lib\site-packages\ts\metrics\metric_collector.py", line 27, in <module>
    system_metrics.collect_all(sys.modules['ts.metrics.system_metrics'], arguments.gpu)
  File "D:\soft\Anaconda\Anaconda\envs\torchserve\lib\site-packages\ts\metrics\system_metrics.py", line 119, in collect_all
    value(num_of_gpu)
  File "D:\soft\Anaconda\Anaconda\envs\torchserve\lib\site-packages\ts\metrics\system_metrics.py", line 64, in gpu_utilization
    import nvgpu
ModuleNotFoundError: No module named 'nvgpu'

2025-01-01T22:58:42,368 [ERROR] Thread-8 org.pytorch.serve.metrics.MetricCollector - Traceback (most recent call last):
  File "D:\soft\Anaconda\Anaconda\envs\torchserve\Lib\site-packages\ts\metrics\metric_collector.py", line 27, in <module>
    system_metrics.collect_all(sys.modules['ts.metrics.system_metrics'], arguments.gpu)
  File "D:\soft\Anaconda\Anaconda\envs\torchserve\lib\site-packages\ts\metrics\system_metrics.py", line 119, in collect_all
    value(num_of_gpu)
  File "D:\soft\Anaconda\Anaconda\envs\torchserve\lib\site-packages\ts\metrics\system_metrics.py", line 64, in gpu_utilization
    import nvgpu
ModuleNotFoundError: No module named 'nvgpu'

2025-01-01T22:59:42,372 [ERROR] Thread-9 org.pytorch.serve.metrics.MetricCollector - Traceback (most recent call last):
  File "D:\soft\Anaconda\Anaconda\envs\torchserve\Lib\site-packages\ts\metrics\metric_collector.py", line 27, in <module>
    system_metrics.collect_all(sys.modules['ts.metrics.system_metrics'], arguments.gpu)
  File "D:\soft\Anaconda\Anaconda\envs\torchserve\lib\site-packages\ts\metrics\system_metrics.py", line 119, in collect_all
    value(num_of_gpu)
  File "D:\soft\Anaconda\Anaconda\envs\torchserve\lib\site-packages\ts\metrics\system_metrics.py", line 64, in gpu_utilization
    import nvgpu
ModuleNotFoundError: No module named 'nvgpu'

2025-01-01T23:00:42,441 [ERROR] Thread-10 org.pytorch.serve.metrics.MetricCollector - Traceback (most recent call last):
  File "D:\soft\Anaconda\Anaconda\envs\torchserve\Lib\site-packages\ts\metrics\metric_collector.py", line 27, in <module>
    system_metrics.collect_all(sys.modules['ts.metrics.system_metrics'], arguments.gpu)
  File "D:\soft\Anaconda\Anaconda\envs\torchserve\lib\site-packages\ts\metrics\system_metrics.py", line 119, in collect_all
    value(num_of_gpu)
  File "D:\soft\Anaconda\Anaconda\envs\torchserve\lib\site-packages\ts\metrics\system_metrics.py", line 64, in gpu_utilization
    import nvgpu
ModuleNotFoundError: No module named 'nvgpu'

2025-01-01T23:01:42,354 [ERROR] Thread-11 org.pytorch.serve.metrics.MetricCollector - Traceback (most recent call last):
  File "D:\soft\Anaconda\Anaconda\envs\torchserve\Lib\site-packages\ts\metrics\metric_collector.py", line 27, in <module>
    system_metrics.collect_all(sys.modules['ts.metrics.system_metrics'], arguments.gpu)
  File "D:\soft\Anaconda\Anaconda\envs\torchserve\lib\site-packages\ts\metrics\system_metrics.py", line 119, in collect_all
    value(num_of_gpu)
  File "D:\soft\Anaconda\Anaconda\envs\torchserve\lib\site-packages\ts\metrics\system_metrics.py", line 64, in gpu_utilization
    import nvgpu
ModuleNotFoundError: No module named 'nvgpu'

2025-01-01T23:02:42,418 [ERROR] Thread-12 org.pytorch.serve.metrics.MetricCollector - Traceback (most recent call last):
  File "D:\soft\Anaconda\Anaconda\envs\torchserve\Lib\site-packages\ts\metrics\metric_collector.py", line 27, in <module>
    system_metrics.collect_all(sys.modules['ts.metrics.system_metrics'], arguments.gpu)
  File "D:\soft\Anaconda\Anaconda\envs\torchserve\lib\site-packages\ts\metrics\system_metrics.py", line 119, in collect_all
    value(num_of_gpu)
  File "D:\soft\Anaconda\Anaconda\envs\torchserve\lib\site-packages\ts\metrics\system_metrics.py", line 64, in gpu_utilization
    import nvgpu
ModuleNotFoundError: No module named 'nvgpu'

2025-01-01T23:03:42,396 [ERROR] Thread-13 org.pytorch.serve.metrics.MetricCollector - Traceback (most recent call last):
  File "D:\soft\Anaconda\Anaconda\envs\torchserve\Lib\site-packages\ts\metrics\metric_collector.py", line 27, in <module>
    system_metrics.collect_all(sys.modules['ts.metrics.system_metrics'], arguments.gpu)
  File "D:\soft\Anaconda\Anaconda\envs\torchserve\lib\site-packages\ts\metrics\system_metrics.py", line 119, in collect_all
    value(num_of_gpu)
  File "D:\soft\Anaconda\Anaconda\envs\torchserve\lib\site-packages\ts\metrics\system_metrics.py", line 64, in gpu_utilization
    import nvgpu
ModuleNotFoundError: No module named 'nvgpu'

2025-01-01T22:58:42,368 [ERROR] Thread-8 org.pytorch.serve.metrics.MetricCollector - Traceback (most recent call last):
  File "D:\soft\Anaconda\Anaconda\envs\torchserve\Lib\site-packages\ts\metrics\metric_collector.py", line 27, in <module>
    system_metrics.collect_all(sys.modules['ts.metrics.system_metrics'], arguments.gpu)
  File "D:\soft\Anaconda\Anaconda\envs\torchserve\lib\site-packages\ts\metrics\system_metrics.py", line 119, in collect_all
    value(num_of_gpu)
  File "D:\soft\Anaconda\Anaconda\envs\torchserve\lib\site-packages\ts\metrics\system_metrics.py", line 64, in gpu_utilization
    import nvgpu
ModuleNotFoundError: No module named 'nvgpu'

2025-01-01T23:04:36,897 [INFO ] pool-2-thread-3 ACCESS_LOG - /127.0.0.1:55631 "GET /ping HTTP/1.1" 200 0
2025-01-01T23:03:42,396 [ERROR] Thread-13 org.pytorch.serve.metrics.MetricCollector - Traceback (most recent call last):
  File "D:\soft\Anaconda\Anaconda\envs\torchserve\Lib\site-packages\ts\metrics\metric_collector.py", line 27, in <module>
    system_metrics.collect_all(sys.modules['ts.metrics.system_metrics'], arguments.gpu)
  File "D:\soft\Anaconda\Anaconda\envs\torchserve\lib\site-packages\ts\metrics\system_metrics.py", line 119, in collect_all
    value(num_of_gpu)
  File "D:\soft\Anaconda\Anaconda\envs\torchserve\lib\site-packages\ts\metrics\system_metrics.py", line 64, in gpu_utilization
    import nvgpu
ModuleNotFoundError: No module named 'nvgpu'

2025-01-01T23:03:39,970 [INFO ] nioEventLoopGroup-3-4 ACCESS_LOG - /127.0.0.1:55568 "GET /models HTTP/1.1" 200 0
2025-01-01T23:02:42,418 [ERROR] Thread-12 org.pytorch.serve.metrics.MetricCollector - Traceback (most recent call last):
  File "D:\soft\Anaconda\Anaconda\envs\torchserve\Lib\site-packages\ts\metrics\metric_collector.py", line 27, in <module>
    system_metrics.collect_all(sys.modules['ts.metrics.system_metrics'], arguments.gpu)
  File "D:\soft\Anaconda\Anaconda\envs\torchserve\lib\site-packages\ts\metrics\system_metrics.py", line 119, in collect_all
    value(num_of_gpu)
  File "D:\soft\Anaconda\Anaconda\envs\torchserve\lib\site-packages\ts\metrics\system_metrics.py", line 64, in gpu_utilization
    import nvgpu
ModuleNotFoundError: No module named 'nvgpu'

2025-01-01T23:01:42,354 [ERROR] Thread-11 org.pytorch.serve.metrics.MetricCollector - Traceback (most recent call last):
  File "D:\soft\Anaconda\Anaconda\envs\torchserve\Lib\site-packages\ts\metrics\metric_collector.py", line 27, in <module>
    system_metrics.collect_all(sys.modules['ts.metrics.system_metrics'], arguments.gpu)
  File "D:\soft\Anaconda\Anaconda\envs\torchserve\lib\site-packages\ts\metrics\system_metrics.py", line 119, in collect_all
    value(num_of_gpu)
  File "D:\soft\Anaconda\Anaconda\envs\torchserve\lib\site-packages\ts\metrics\system_metrics.py", line 64, in gpu_utilization
    import nvgpu
ModuleNotFoundError: No module named 'nvgpu'

2025-01-01T23:01:18,466 [INFO ] nioEventLoopGroup-3-3 TS_METRICS - ts_inference_requests_total.Count:1.0|#model_name:densenet161,model_version:default|#hostname:LAPTOP-K5A5D0SQ,timestamp:1735743678
2025-01-01T23:00:42,441 [ERROR] Thread-10 org.pytorch.serve.metrics.MetricCollector - Traceback (most recent call last):
  File "D:\soft\Anaconda\Anaconda\envs\torchserve\Lib\site-packages\ts\metrics\metric_collector.py", line 27, in <module>
    system_metrics.collect_all(sys.modules['ts.metrics.system_metrics'], arguments.gpu)
  File "D:\soft\Anaconda\Anaconda\envs\torchserve\lib\site-packages\ts\metrics\system_metrics.py", line 119, in collect_all
    value(num_of_gpu)
  File "D:\soft\Anaconda\Anaconda\envs\torchserve\lib\site-packages\ts\metrics\system_metrics.py", line 64, in gpu_utilization
    import nvgpu
ModuleNotFoundError: No module named 'nvgpu'

2025-01-01T22:59:42,372 [ERROR] Thread-9 org.pytorch.serve.metrics.MetricCollector - Traceback (most recent call last):
  File "D:\soft\Anaconda\Anaconda\envs\torchserve\Lib\site-packages\ts\metrics\metric_collector.py", line 27, in <module>
    system_metrics.collect_all(sys.modules['ts.metrics.system_metrics'], arguments.gpu)
  File "D:\soft\Anaconda\Anaconda\envs\torchserve\lib\site-packages\ts\metrics\system_metrics.py", line 119, in collect_all
    value(num_of_gpu)
  File "D:\soft\Anaconda\Anaconda\envs\torchserve\lib\site-packages\ts\metrics\system_metrics.py", line 64, in gpu_utilization
    import nvgpu
ModuleNotFoundError: No module named 'nvgpu'

2025-01-01T23:04:42,130 [DEBUG] W-9000-densenet161_1.0 org.pytorch.serve.wlm.WorkerThread - Flushing req.cmd PREDICT repeats 1 to backend at: 1735743882130
2025-01-01T23:04:42,130 [INFO ] nioEventLoopGroup-3-4 TS_METRICS - Requests2XX.Count:1.0|#Level:Host|#hostname:LAPTOP-K5A5D0SQ,timestamp:1735743882
2025-01-01T23:04:42,130 [INFO ] pool-2-thread-3 TS_METRICS - Requests2XX.Count:1.0|#Level:Host|#hostname:LAPTOP-K5A5D0SQ,timestamp:1735743882
2025-01-01T23:04:42,130 [DEBUG] W-9000-densenet161_1.0 org.pytorch.serve.wlm.WorkerThread - Flushing req.cmd PREDICT repeats 1 to backend at: 1735743882130
2025-01-01T23:04:42,138 [INFO ] W-9000-densenet161_1.0 org.pytorch.serve.wlm.WorkerThread - Looping backend response at: 1735743882138
2025-01-01T23:04:42,130 [ERROR] nioEventLoopGroup-3-3 org.pytorch.serve.http.HttpRequestHandler - 
java.net.SocketException: Connection reset
	at sun.nio.ch.SocketChannelImpl.throwConnectionReset(SocketChannelImpl.java:394) ~[?:?]
	at sun.nio.ch.SocketChannelImpl.read(SocketChannelImpl.java:426) ~[?:?]
	at io.netty.buffer.PooledByteBuf.setBytes(PooledByteBuf.java:253) ~[model-server.jar:?]
	at io.netty.buffer.AbstractByteBuf.writeBytes(AbstractByteBuf.java:1134) ~[model-server.jar:?]
	at io.netty.channel.socket.nio.NioSocketChannel.doReadBytes(NioSocketChannel.java:350) ~[model-server.jar:?]
	at io.netty.channel.nio.AbstractNioByteChannel$NioByteUnsafe.read(AbstractNioByteChannel.java:151) [model-server.jar:?]
	at io.netty.channel.nio.NioEventLoop.processSelectedKey(NioEventLoop.java:714) [model-server.jar:?]
	at io.netty.channel.nio.NioEventLoop.processSelectedKeysOptimized(NioEventLoop.java:650) [model-server.jar:?]
	at io.netty.channel.nio.NioEventLoop.processSelectedKeys(NioEventLoop.java:576) [model-server.jar:?]
	at io.netty.channel.nio.NioEventLoop.run(NioEventLoop.java:493) [model-server.jar:?]
	at io.netty.util.concurrent.SingleThreadEventExecutor$4.run(SingleThreadEventExecutor.java:989) [model-server.jar:?]
	at io.netty.util.internal.ThreadExecutorMap$2.run(ThreadExecutorMap.java:74) [model-server.jar:?]
	at io.netty.util.concurrent.FastThreadLocalRunnable.run(FastThreadLocalRunnable.java:30) [model-server.jar:?]
	at java.lang.Thread.run(Thread.java:833) [?:?]
2025-01-01T23:04:42,138 [INFO ] W-9000-densenet161_1.0 org.pytorch.serve.wlm.WorkerThread - Looping backend response at: 1735743882138
2025-01-01T23:04:42,130 [ERROR] nioEventLoopGroup-3-3 org.pytorch.serve.http.HttpRequestHandler - 
java.net.SocketException: Connection reset
	at sun.nio.ch.SocketChannelImpl.throwConnectionReset(SocketChannelImpl.java:394) ~[?:?]
	at sun.nio.ch.SocketChannelImpl.read(SocketChannelImpl.java:426) ~[?:?]
	at io.netty.buffer.PooledByteBuf.setBytes(PooledByteBuf.java:253) ~[model-server.jar:?]
	at io.netty.buffer.AbstractByteBuf.writeBytes(AbstractByteBuf.java:1134) ~[model-server.jar:?]
	at io.netty.channel.socket.nio.NioSocketChannel.doReadBytes(NioSocketChannel.java:350) ~[model-server.jar:?]
	at io.netty.channel.nio.AbstractNioByteChannel$NioByteUnsafe.read(AbstractNioByteChannel.java:151) [model-server.jar:?]
	at io.netty.channel.nio.NioEventLoop.processSelectedKey(NioEventLoop.java:714) [model-server.jar:?]
	at io.netty.channel.nio.NioEventLoop.processSelectedKeysOptimized(NioEventLoop.java:650) [model-server.jar:?]
	at io.netty.channel.nio.NioEventLoop.processSelectedKeys(NioEventLoop.java:576) [model-server.jar:?]
	at io.netty.channel.nio.NioEventLoop.run(NioEventLoop.java:493) [model-server.jar:?]
	at io.netty.util.concurrent.SingleThreadEventExecutor$4.run(SingleThreadEventExecutor.java:989) [model-server.jar:?]
	at io.netty.util.internal.ThreadExecutorMap$2.run(ThreadExecutorMap.java:74) [model-server.jar:?]
	at io.netty.util.concurrent.FastThreadLocalRunnable.run(FastThreadLocalRunnable.java:30) [model-server.jar:?]
	at java.lang.Thread.run(Thread.java:833) [?:?]
2025-01-01T23:04:42,146 [INFO ] W-9000-densenet161_1.0-stdout MODEL_LOG - Backend received inference at: 1735743882
2025-01-01T23:04:42,414 [ERROR] Thread-14 org.pytorch.serve.metrics.MetricCollector - Traceback (most recent call last):
  File "D:\soft\Anaconda\Anaconda\envs\torchserve\Lib\site-packages\ts\metrics\metric_collector.py", line 27, in <module>
    system_metrics.collect_all(sys.modules['ts.metrics.system_metrics'], arguments.gpu)
  File "D:\soft\Anaconda\Anaconda\envs\torchserve\lib\site-packages\ts\metrics\system_metrics.py", line 119, in collect_all
    value(num_of_gpu)
  File "D:\soft\Anaconda\Anaconda\envs\torchserve\lib\site-packages\ts\metrics\system_metrics.py", line 64, in gpu_utilization
    import nvgpu
ModuleNotFoundError: No module named 'nvgpu'

2025-01-01T23:04:42,414 [ERROR] Thread-14 org.pytorch.serve.metrics.MetricCollector - Traceback (most recent call last):
  File "D:\soft\Anaconda\Anaconda\envs\torchserve\Lib\site-packages\ts\metrics\metric_collector.py", line 27, in <module>
    system_metrics.collect_all(sys.modules['ts.metrics.system_metrics'], arguments.gpu)
  File "D:\soft\Anaconda\Anaconda\envs\torchserve\lib\site-packages\ts\metrics\system_metrics.py", line 119, in collect_all
    value(num_of_gpu)
  File "D:\soft\Anaconda\Anaconda\envs\torchserve\lib\site-packages\ts\metrics\system_metrics.py", line 64, in gpu_utilization
    import nvgpu
ModuleNotFoundError: No module named 'nvgpu'

2025-01-01T23:04:46,004 [INFO ] W-9000-densenet161_1.0-stdout org.pytorch.serve.wlm.WorkerLifeCycle - result=[METRICS]HandlerTime.Milliseconds:3857.51|#ModelName:densenet161,Level:Model|#type:GAUGE|#hostname:LAPTOP-K5A5D0SQ,1735743886,41254616-b0c5-4e32-b9c4-8214c9f9c2e5, pattern=[METRICS]
2025-01-01T23:04:46,004 [INFO ] W-9000-densenet161_1.0-stdout org.pytorch.serve.wlm.WorkerLifeCycle - result=[METRICS]HandlerTime.Milliseconds:3857.51|#ModelName:densenet161,Level:Model|#type:GAUGE|#hostname:LAPTOP-K5A5D0SQ,1735743886,41254616-b0c5-4e32-b9c4-8214c9f9c2e5, pattern=[METRICS]
2025-01-01T23:04:46,019 [INFO ] W-9000-densenet161_1.0 org.pytorch.serve.wlm.BatchAggregator - Sending response for jobId 41254616-b0c5-4e32-b9c4-8214c9f9c2e5
2025-01-01T23:04:46,019 [INFO ] W-9000-densenet161_1.0 org.pytorch.serve.wlm.BatchAggregator - Sending response for jobId 41254616-b0c5-4e32-b9c4-8214c9f9c2e5
2025-01-01T23:04:46,019 [INFO ] W-9000-densenet161_1.0-stdout MODEL_METRICS - HandlerTime.ms:3857.51|#ModelName:densenet161,Level:Model|#hostname:LAPTOP-K5A5D0SQ,requestID:41254616-b0c5-4e32-b9c4-8214c9f9c2e5,timestamp:1735743886
2025-01-01T23:04:46,019 [INFO ] W-9000-densenet161_1.0-stdout org.pytorch.serve.wlm.WorkerLifeCycle - result=[METRICS]PredictionTime.Milliseconds:3857.51|#ModelName:densenet161,Level:Model|#type:GAUGE|#hostname:LAPTOP-K5A5D0SQ,1735743886,41254616-b0c5-4e32-b9c4-8214c9f9c2e5, pattern=[METRICS]
2025-01-01T23:04:46,019 [INFO ] W-9000-densenet161_1.0-stdout org.pytorch.serve.wlm.WorkerLifeCycle - result=[METRICS]PredictionTime.Milliseconds:3857.51|#ModelName:densenet161,Level:Model|#type:GAUGE|#hostname:LAPTOP-K5A5D0SQ,1735743886,41254616-b0c5-4e32-b9c4-8214c9f9c2e5, pattern=[METRICS]
2025-01-01T23:04:46,019 [INFO ] W-9000-densenet161_1.0 ACCESS_LOG - /127.0.0.1:55391 "PUT /predictions/densenet161 HTTP/1.1" 200 207553
2025-01-01T23:04:46,019 [INFO ] W-9000-densenet161_1.0-stdout MODEL_METRICS - PredictionTime.ms:3857.51|#ModelName:densenet161,Level:Model|#hostname:LAPTOP-K5A5D0SQ,requestID:41254616-b0c5-4e32-b9c4-8214c9f9c2e5,timestamp:1735743886
2025-01-01T23:04:46,019 [INFO ] W-9000-densenet161_1.0 TS_METRICS - Requests2XX.Count:1.0|#Level:Host|#hostname:LAPTOP-K5A5D0SQ,timestamp:1735743886
2025-01-01T23:04:46,023 [INFO ] W-9000-densenet161_1.0 TS_METRICS - ts_inference_latency_microseconds.Microseconds:3887957.1|#model_name:densenet161,model_version:default|#hostname:LAPTOP-K5A5D0SQ,timestamp:1735743886
2025-01-01T23:04:46,023 [INFO ] W-9000-densenet161_1.0 TS_METRICS - ts_queue_latency_microseconds.Microseconds:375.2|#model_name:densenet161,model_version:default|#hostname:LAPTOP-K5A5D0SQ,timestamp:1735743886
2025-01-01T23:04:46,023 [DEBUG] W-9000-densenet161_1.0 org.pytorch.serve.job.RestJob - Waiting time ns: 375200, Backend time ns: 3891425400
2025-01-01T23:04:46,023 [DEBUG] W-9000-densenet161_1.0 org.pytorch.serve.job.RestJob - Waiting time ns: 375200, Backend time ns: 3891425400
2025-01-01T23:04:46,023 [INFO ] W-9000-densenet161_1.0 TS_METRICS - QueueTime.Milliseconds:0.0|#Level:Host|#hostname:LAPTOP-K5A5D0SQ,timestamp:1735743886
2025-01-01T23:04:46,023 [INFO ] W-9000-densenet161_1.0 org.pytorch.serve.wlm.WorkerThread - Backend response time: 3861
2025-01-01T23:04:46,023 [INFO ] W-9000-densenet161_1.0 org.pytorch.serve.wlm.WorkerThread - Backend response time: 3861
2025-01-01T23:04:46,023 [INFO ] W-9000-densenet161_1.0 TS_METRICS - WorkerThreadTime.Milliseconds:32.0|#Level:Host|#hostname:LAPTOP-K5A5D0SQ,timestamp:1735743886
2025-01-01T23:06:00,165 [DEBUG] main org.pytorch.serve.util.ConfigManager - xpu-smi not available or failed: Cannot run program "xpu-smi": CreateProcess error=2, 系统找不到指定的文件。
2025-01-01T23:06:00,165 [DEBUG] main org.pytorch.serve.util.ConfigManager - xpu-smi not available or failed: Cannot run program "xpu-smi": CreateProcess error=2, 系统找不到指定的文件。
2025-01-01T23:06:00,165 [WARN ] main org.pytorch.serve.util.ConfigManager - Your torchserve instance can access any URL to load models. When deploying to production, make sure to limit the set of allowed_urls in config.properties
2025-01-01T23:06:00,165 [WARN ] main org.pytorch.serve.util.ConfigManager - Your torchserve instance can access any URL to load models. When deploying to production, make sure to limit the set of allowed_urls in config.properties
2025-01-01T23:06:00,181 [INFO ] main org.pytorch.serve.servingsdk.impl.PluginsManager - Initializing plugins manager...
2025-01-01T23:06:00,181 [INFO ] main org.pytorch.serve.servingsdk.impl.PluginsManager - Initializing plugins manager...
2025-01-01T23:06:00,259 [INFO ] main org.pytorch.serve.metrics.configuration.MetricConfiguration - Successfully loaded metrics configuration from D:\soft\Anaconda\Anaconda\envs\torchserve\Lib\site-packages/ts/configs/metrics.yaml
2025-01-01T23:06:00,259 [INFO ] main org.pytorch.serve.metrics.configuration.MetricConfiguration - Successfully loaded metrics configuration from D:\soft\Anaconda\Anaconda\envs\torchserve\Lib\site-packages/ts/configs/metrics.yaml
2025-01-01T23:06:00,479 [INFO ] main org.pytorch.serve.ModelServer - 
Torchserve version: 0.12.0
TS Home: D:\soft\Anaconda\Anaconda\envs\torchserve\Lib\site-packages
Current directory: D:\workshop\torchserve
Temp directory: C:\Users\wrwut\AppData\Local\Temp
Metrics config path: D:\soft\Anaconda\Anaconda\envs\torchserve\Lib\site-packages/ts/configs/metrics.yaml
Number of GPUs: 1
Number of CPUs: 16
Max heap size: 4042 M
Python executable: D:\soft\Anaconda\Anaconda\envs\torchserve\python.exe
Config file: N/A
Inference address: http://127.0.0.1:8080
Management address: http://127.0.0.1:8081
Metrics address: http://127.0.0.1:8082
Model Store: D:\workshop\torchserve\model_store
Initial Models: densenet161=densenet161.mar
Log dir: D:\workshop\torchserve\logs
Metrics dir: D:\workshop\torchserve\logs
Netty threads: 0
Netty client threads: 0
Default workers per model: 1
Blacklist Regex: N/A
Maximum Response Size: 6553500
Maximum Request Size: 6553500
Limit Maximum Image Pixels: true
Prefer direct buffer: false
Allowed Urls: [file://.*|http(s)?://.*]
Custom python dependency for model allowed: false
Enable metrics API: true
Metrics mode: LOG
Disable system metrics: false
Workflow Store: D:\workshop\torchserve\model_store
CPP log config: N/A
Model config: N/A
System metrics command: default
Model API enabled: false
2025-01-01T23:06:00,479 [INFO ] main org.pytorch.serve.ModelServer - 
Torchserve version: 0.12.0
TS Home: D:\soft\Anaconda\Anaconda\envs\torchserve\Lib\site-packages
Current directory: D:\workshop\torchserve
Temp directory: C:\Users\wrwut\AppData\Local\Temp
Metrics config path: D:\soft\Anaconda\Anaconda\envs\torchserve\Lib\site-packages/ts/configs/metrics.yaml
Number of GPUs: 1
Number of CPUs: 16
Max heap size: 4042 M
Python executable: D:\soft\Anaconda\Anaconda\envs\torchserve\python.exe
Config file: N/A
Inference address: http://127.0.0.1:8080
Management address: http://127.0.0.1:8081
Metrics address: http://127.0.0.1:8082
Model Store: D:\workshop\torchserve\model_store
Initial Models: densenet161=densenet161.mar
Log dir: D:\workshop\torchserve\logs
Metrics dir: D:\workshop\torchserve\logs
Netty threads: 0
Netty client threads: 0
Default workers per model: 1
Blacklist Regex: N/A
Maximum Response Size: 6553500
Maximum Request Size: 6553500
Limit Maximum Image Pixels: true
Prefer direct buffer: false
Allowed Urls: [file://.*|http(s)?://.*]
Custom python dependency for model allowed: false
Enable metrics API: true
Metrics mode: LOG
Disable system metrics: false
Workflow Store: D:\workshop\torchserve\model_store
CPP log config: N/A
Model config: N/A
System metrics command: default
Model API enabled: false
2025-01-01T23:06:00,494 [INFO ] main org.pytorch.serve.servingsdk.impl.PluginsManager -  Loading snapshot serializer plugin...
2025-01-01T23:06:00,494 [INFO ] main org.pytorch.serve.servingsdk.impl.PluginsManager -  Loading snapshot serializer plugin...
2025-01-01T23:06:00,510 [INFO ] main org.pytorch.serve.ModelServer - Loading initial models: densenet161.mar
2025-01-01T23:06:00,510 [INFO ] main org.pytorch.serve.ModelServer - Loading initial models: densenet161.mar
2025-01-01T23:06:02,190 [DEBUG] main org.pytorch.serve.wlm.ModelVersionedRefs - Adding new version 1.0 for model densenet161
2025-01-01T23:06:02,190 [DEBUG] main org.pytorch.serve.wlm.ModelVersionedRefs - Adding new version 1.0 for model densenet161
2025-01-01T23:06:02,190 [DEBUG] main org.pytorch.serve.wlm.ModelVersionedRefs - Setting default version to 1.0 for model densenet161
2025-01-01T23:06:02,190 [DEBUG] main org.pytorch.serve.wlm.ModelVersionedRefs - Setting default version to 1.0 for model densenet161
2025-01-01T23:06:02,190 [INFO ] main org.pytorch.serve.wlm.ModelManager - Model densenet161 loaded.
2025-01-01T23:06:02,190 [INFO ] main org.pytorch.serve.wlm.ModelManager - Model densenet161 loaded.
2025-01-01T23:06:02,190 [DEBUG] main org.pytorch.serve.wlm.ModelManager - updateModel: densenet161, count: 1
2025-01-01T23:06:02,190 [DEBUG] main org.pytorch.serve.wlm.ModelManager - updateModel: densenet161, count: 1
2025-01-01T23:06:02,209 [INFO ] main org.pytorch.serve.ModelServer - Initialize Inference server with: NioServerSocketChannel.
2025-01-01T23:06:02,209 [INFO ] main org.pytorch.serve.ModelServer - Initialize Inference server with: NioServerSocketChannel.
2025-01-01T23:06:02,209 [DEBUG] W-9000-densenet161_1.0 org.pytorch.serve.wlm.WorkerLifeCycle - Worker cmdline: [D:\soft\Anaconda\Anaconda\envs\torchserve\python.exe, D:\soft\Anaconda\Anaconda\envs\torchserve\Lib\site-packages\ts\model_service_worker.py, --sock-type, tcp, --port, 9000, --metrics-config, D:\soft\Anaconda\Anaconda\envs\torchserve\Lib\site-packages/ts/configs/metrics.yaml]
2025-01-01T23:06:02,209 [DEBUG] W-9000-densenet161_1.0 org.pytorch.serve.wlm.WorkerLifeCycle - Worker cmdline: [D:\soft\Anaconda\Anaconda\envs\torchserve\python.exe, D:\soft\Anaconda\Anaconda\envs\torchserve\Lib\site-packages\ts\model_service_worker.py, --sock-type, tcp, --port, 9000, --metrics-config, D:\soft\Anaconda\Anaconda\envs\torchserve\Lib\site-packages/ts/configs/metrics.yaml]
2025-01-01T23:06:02,314 [INFO ] main org.pytorch.serve.ModelServer - Inference API bind to: http://127.0.0.1:8080
2025-01-01T23:06:02,314 [INFO ] main org.pytorch.serve.ModelServer - Inference API bind to: http://127.0.0.1:8080
2025-01-01T23:06:02,314 [INFO ] main org.pytorch.serve.ModelServer - Initialize Management server with: NioServerSocketChannel.
2025-01-01T23:06:02,314 [INFO ] main org.pytorch.serve.ModelServer - Initialize Management server with: NioServerSocketChannel.
2025-01-01T23:06:02,314 [INFO ] main org.pytorch.serve.ModelServer - Management API bind to: http://127.0.0.1:8081
2025-01-01T23:06:02,314 [INFO ] main org.pytorch.serve.ModelServer - Management API bind to: http://127.0.0.1:8081
2025-01-01T23:06:02,314 [INFO ] main org.pytorch.serve.ModelServer - Initialize Metrics server with: NioServerSocketChannel.
2025-01-01T23:06:02,314 [INFO ] main org.pytorch.serve.ModelServer - Initialize Metrics server with: NioServerSocketChannel.
2025-01-01T23:06:02,314 [INFO ] main org.pytorch.serve.ModelServer - Metrics API bind to: http://127.0.0.1:8082
2025-01-01T23:06:02,314 [INFO ] main org.pytorch.serve.ModelServer - Metrics API bind to: http://127.0.0.1:8082
2025-01-01T23:06:02,653 [WARN ] pool-3-thread-1 org.pytorch.serve.metrics.MetricCollector - worker pid is not available yet.
2025-01-01T23:06:02,653 [WARN ] pool-3-thread-1 org.pytorch.serve.metrics.MetricCollector - worker pid is not available yet.
2025-01-01T23:06:02,840 [ERROR] Thread-1 org.pytorch.serve.metrics.MetricCollector - Traceback (most recent call last):
  File "D:\soft\Anaconda\Anaconda\envs\torchserve\Lib\site-packages\ts\metrics\metric_collector.py", line 27, in <module>
    system_metrics.collect_all(sys.modules['ts.metrics.system_metrics'], arguments.gpu)
  File "D:\soft\Anaconda\Anaconda\envs\torchserve\lib\site-packages\ts\metrics\system_metrics.py", line 119, in collect_all
    value(num_of_gpu)
  File "D:\soft\Anaconda\Anaconda\envs\torchserve\lib\site-packages\ts\metrics\system_metrics.py", line 64, in gpu_utilization
    import nvgpu
ModuleNotFoundError: No module named 'nvgpu'

2025-01-01T23:06:02,840 [ERROR] Thread-1 org.pytorch.serve.metrics.MetricCollector - Traceback (most recent call last):
  File "D:\soft\Anaconda\Anaconda\envs\torchserve\Lib\site-packages\ts\metrics\metric_collector.py", line 27, in <module>
    system_metrics.collect_all(sys.modules['ts.metrics.system_metrics'], arguments.gpu)
  File "D:\soft\Anaconda\Anaconda\envs\torchserve\lib\site-packages\ts\metrics\system_metrics.py", line 119, in collect_all
    value(num_of_gpu)
  File "D:\soft\Anaconda\Anaconda\envs\torchserve\lib\site-packages\ts\metrics\system_metrics.py", line 64, in gpu_utilization
    import nvgpu
ModuleNotFoundError: No module named 'nvgpu'

2025-01-01T23:06:04,116 [INFO ] W-9000-densenet161_1.0-stdout MODEL_LOG - Listening on addr:port: 127.0.0.1:9000
2025-01-01T23:06:04,116 [INFO ] W-9000-densenet161_1.0-stdout MODEL_LOG - Successfully loaded D:\soft\Anaconda\Anaconda\envs\torchserve\Lib\site-packages/ts/configs/metrics.yaml.
2025-01-01T23:06:04,116 [INFO ] W-9000-densenet161_1.0-stdout MODEL_LOG - [PID]10996
2025-01-01T23:06:04,116 [INFO ] W-9000-densenet161_1.0-stdout MODEL_LOG - Torch worker started.
2025-01-01T23:06:04,116 [DEBUG] W-9000-densenet161_1.0 org.pytorch.serve.wlm.WorkerThread - W-9000-densenet161_1.0 State change null -> WORKER_STARTED
2025-01-01T23:06:04,116 [INFO ] W-9000-densenet161_1.0-stdout MODEL_LOG - Python runtime: 3.9.21
2025-01-01T23:06:04,116 [DEBUG] W-9000-densenet161_1.0 org.pytorch.serve.wlm.WorkerThread - W-9000-densenet161_1.0 State change null -> WORKER_STARTED
2025-01-01T23:06:04,132 [INFO ] W-9000-densenet161_1.0 org.pytorch.serve.wlm.WorkerThread - Connecting to: /127.0.0.1:9000
2025-01-01T23:06:04,132 [INFO ] W-9000-densenet161_1.0 org.pytorch.serve.wlm.WorkerThread - Connecting to: /127.0.0.1:9000
2025-01-01T23:06:04,161 [INFO ] W-9000-densenet161_1.0-stdout MODEL_LOG - Connection accepted: ('127.0.0.1', 9000).
2025-01-01T23:06:04,161 [DEBUG] W-9000-densenet161_1.0 org.pytorch.serve.wlm.WorkerThread - Flushing req.cmd LOAD repeats 1 to backend at: 1735743964161
2025-01-01T23:06:04,161 [DEBUG] W-9000-densenet161_1.0 org.pytorch.serve.wlm.WorkerThread - Flushing req.cmd LOAD repeats 1 to backend at: 1735743964161
2025-01-01T23:06:04,177 [INFO ] W-9000-densenet161_1.0 org.pytorch.serve.wlm.WorkerThread - Looping backend response at: 1735743964177
2025-01-01T23:06:04,177 [INFO ] W-9000-densenet161_1.0 org.pytorch.serve.wlm.WorkerThread - Looping backend response at: 1735743964177
2025-01-01T23:06:04,225 [INFO ] W-9000-densenet161_1.0-stdout MODEL_LOG - model_name: densenet161, batchSize: 1
2025-01-01T23:06:05,080 [INFO ] W-9000-densenet161_1.0-stdout MODEL_LOG - Your torch version is 1.12.0+cu113 which does not support torch.compile
2025-01-01T23:06:05,080 [INFO ] W-9000-densenet161_1.0-stdout MODEL_LOG - OpenVINO is not enabled
2025-01-01T23:06:05,096 [INFO ] W-9000-densenet161_1.0-stdout MODEL_LOG - proceeding without onnxruntime
2025-01-01T23:06:05,096 [INFO ] W-9000-densenet161_1.0-stdout MODEL_LOG - Torch TensorRT not enabled
2025-01-01T23:06:06,788 [INFO ] W-9000-densenet161_1.0 org.pytorch.serve.wlm.WorkerThread - Backend response time: 2611
2025-01-01T23:06:06,788 [INFO ] W-9000-densenet161_1.0 org.pytorch.serve.wlm.WorkerThread - Backend response time: 2611
2025-01-01T23:06:06,788 [DEBUG] W-9000-densenet161_1.0 org.pytorch.serve.wlm.WorkerThread - W-9000-densenet161_1.0 State change WORKER_STARTED -> WORKER_MODEL_LOADED
2025-01-01T23:06:06,788 [DEBUG] W-9000-densenet161_1.0 org.pytorch.serve.wlm.WorkerThread - W-9000-densenet161_1.0 State change WORKER_STARTED -> WORKER_MODEL_LOADED
2025-01-01T23:06:06,804 [INFO ] W-9000-densenet161_1.0 TS_METRICS - WorkerLoadTime.Milliseconds:4598.0|#WorkerName:W-9000-densenet161_1.0,Level:Host|#hostname:LAPTOP-K5A5D0SQ,timestamp:1735743966
2025-01-01T23:06:06,804 [INFO ] W-9000-densenet161_1.0 TS_METRICS - WorkerThreadTime.Milliseconds:32.0|#Level:Host|#hostname:LAPTOP-K5A5D0SQ,timestamp:1735743966
2025-01-01T23:06:12,521 [INFO ] pool-2-thread-2 ACCESS_LOG - /127.0.0.1:55688 "GET /ping HTTP/1.1" 200 0
2025-01-01T23:06:12,537 [INFO ] pool-2-thread-2 TS_METRICS - Requests2XX.Count:1.0|#Level:Host|#hostname:LAPTOP-K5A5D0SQ,timestamp:1735743972
2025-01-01T23:06:24,551 [INFO ] nioEventLoopGroup-3-2 ACCESS_LOG - /127.0.0.1:55696 "GET /models HTTP/1.1" 200 0
2025-01-01T23:06:24,567 [INFO ] nioEventLoopGroup-3-2 TS_METRICS - Requests2XX.Count:1.0|#Level:Host|#hostname:LAPTOP-K5A5D0SQ,timestamp:1735743984
2025-01-01T23:07:02,826 [ERROR] Thread-2 org.pytorch.serve.metrics.MetricCollector - Traceback (most recent call last):
  File "D:\soft\Anaconda\Anaconda\envs\torchserve\Lib\site-packages\ts\metrics\metric_collector.py", line 27, in <module>
    system_metrics.collect_all(sys.modules['ts.metrics.system_metrics'], arguments.gpu)
  File "D:\soft\Anaconda\Anaconda\envs\torchserve\lib\site-packages\ts\metrics\system_metrics.py", line 119, in collect_all
    value(num_of_gpu)
  File "D:\soft\Anaconda\Anaconda\envs\torchserve\lib\site-packages\ts\metrics\system_metrics.py", line 64, in gpu_utilization
    import nvgpu
ModuleNotFoundError: No module named 'nvgpu'

2025-01-01T23:07:02,826 [ERROR] Thread-2 org.pytorch.serve.metrics.MetricCollector - Traceback (most recent call last):
  File "D:\soft\Anaconda\Anaconda\envs\torchserve\Lib\site-packages\ts\metrics\metric_collector.py", line 27, in <module>
    system_metrics.collect_all(sys.modules['ts.metrics.system_metrics'], arguments.gpu)
  File "D:\soft\Anaconda\Anaconda\envs\torchserve\lib\site-packages\ts\metrics\system_metrics.py", line 119, in collect_all
    value(num_of_gpu)
  File "D:\soft\Anaconda\Anaconda\envs\torchserve\lib\site-packages\ts\metrics\system_metrics.py", line 64, in gpu_utilization
    import nvgpu
ModuleNotFoundError: No module named 'nvgpu'

2025-01-01T23:07:54,213 [INFO ] nioEventLoopGroup-3-3 TS_METRICS - ts_inference_requests_total.Count:1.0|#model_name:densenet161,model_version:default|#hostname:LAPTOP-K5A5D0SQ,timestamp:1735744074
2025-01-01T23:07:54,213 [DEBUG] W-9000-densenet161_1.0 org.pytorch.serve.wlm.WorkerThread - Flushing req.cmd PREDICT repeats 1 to backend at: 1735744074213
2025-01-01T23:07:54,213 [DEBUG] W-9000-densenet161_1.0 org.pytorch.serve.wlm.WorkerThread - Flushing req.cmd PREDICT repeats 1 to backend at: 1735744074213
2025-01-01T23:07:54,213 [INFO ] W-9000-densenet161_1.0 org.pytorch.serve.wlm.WorkerThread - Looping backend response at: 1735744074213
2025-01-01T23:07:54,213 [INFO ] W-9000-densenet161_1.0 org.pytorch.serve.wlm.WorkerThread - Looping backend response at: 1735744074213
2025-01-01T23:07:54,229 [INFO ] W-9000-densenet161_1.0-stdout MODEL_LOG - Backend received inference at: 1735744074
2025-01-01T23:08:01,841 [INFO ] W-9000-densenet161_1.0-stdout org.pytorch.serve.wlm.WorkerLifeCycle - result=[METRICS]HandlerTime.Milliseconds:7596.47|#ModelName:densenet161,Level:Model|#type:GAUGE|#hostname:LAPTOP-K5A5D0SQ,1735744081,23ca6b79-d8bf-4ebe-bdae-871255efeebe, pattern=[METRICS]
2025-01-01T23:08:01,841 [INFO ] W-9000-densenet161_1.0-stdout org.pytorch.serve.wlm.WorkerLifeCycle - result=[METRICS]HandlerTime.Milliseconds:7596.47|#ModelName:densenet161,Level:Model|#type:GAUGE|#hostname:LAPTOP-K5A5D0SQ,1735744081,23ca6b79-d8bf-4ebe-bdae-871255efeebe, pattern=[METRICS]
2025-01-01T23:08:01,841 [INFO ] W-9000-densenet161_1.0 org.pytorch.serve.wlm.BatchAggregator - Sending response for jobId 23ca6b79-d8bf-4ebe-bdae-871255efeebe
2025-01-01T23:08:01,841 [INFO ] W-9000-densenet161_1.0 org.pytorch.serve.wlm.BatchAggregator - Sending response for jobId 23ca6b79-d8bf-4ebe-bdae-871255efeebe
2025-01-01T23:08:01,841 [INFO ] W-9000-densenet161_1.0-stdout MODEL_METRICS - HandlerTime.ms:7596.47|#ModelName:densenet161,Level:Model|#hostname:LAPTOP-K5A5D0SQ,requestID:23ca6b79-d8bf-4ebe-bdae-871255efeebe,timestamp:1735744081
2025-01-01T23:08:01,851 [INFO ] W-9000-densenet161_1.0-stdout org.pytorch.serve.wlm.WorkerLifeCycle - result=[METRICS]PredictionTime.Milliseconds:7612.09|#ModelName:densenet161,Level:Model|#type:GAUGE|#hostname:LAPTOP-K5A5D0SQ,1735744081,23ca6b79-d8bf-4ebe-bdae-871255efeebe, pattern=[METRICS]
2025-01-01T23:08:01,846 [INFO ] W-9000-densenet161_1.0 ACCESS_LOG - /127.0.0.1:55751 "PUT /predictions/densenet161 HTTP/1.1" 200 7633
2025-01-01T23:08:01,851 [INFO ] W-9000-densenet161_1.0-stdout org.pytorch.serve.wlm.WorkerLifeCycle - result=[METRICS]PredictionTime.Milliseconds:7612.09|#ModelName:densenet161,Level:Model|#type:GAUGE|#hostname:LAPTOP-K5A5D0SQ,1735744081,23ca6b79-d8bf-4ebe-bdae-871255efeebe, pattern=[METRICS]
2025-01-01T23:08:01,852 [INFO ] W-9000-densenet161_1.0 TS_METRICS - Requests2XX.Count:1.0|#Level:Host|#hostname:LAPTOP-K5A5D0SQ,timestamp:1735744081
2025-01-01T23:08:01,854 [INFO ] W-9000-densenet161_1.0 TS_METRICS - ts_inference_latency_microseconds.Microseconds:7627014.1|#model_name:densenet161,model_version:default|#hostname:LAPTOP-K5A5D0SQ,timestamp:1735744081
2025-01-01T23:08:01,860 [INFO ] W-9000-densenet161_1.0 TS_METRICS - ts_queue_latency_microseconds.Microseconds:367.3|#model_name:densenet161,model_version:default|#hostname:LAPTOP-K5A5D0SQ,timestamp:1735744081
2025-01-01T23:08:01,860 [DEBUG] W-9000-densenet161_1.0 org.pytorch.serve.job.RestJob - Waiting time ns: 367300, Backend time ns: 7641902900
2025-01-01T23:08:01,860 [DEBUG] W-9000-densenet161_1.0 org.pytorch.serve.job.RestJob - Waiting time ns: 367300, Backend time ns: 7641902900
2025-01-01T23:08:01,861 [INFO ] W-9000-densenet161_1.0 TS_METRICS - QueueTime.Milliseconds:0.0|#Level:Host|#hostname:LAPTOP-K5A5D0SQ,timestamp:1735744081
2025-01-01T23:08:01,863 [INFO ] W-9000-densenet161_1.0 org.pytorch.serve.wlm.WorkerThread - Backend response time: 7612
2025-01-01T23:08:01,853 [INFO ] W-9000-densenet161_1.0-stdout MODEL_METRICS - PredictionTime.ms:7612.09|#ModelName:densenet161,Level:Model|#hostname:LAPTOP-K5A5D0SQ,requestID:23ca6b79-d8bf-4ebe-bdae-871255efeebe,timestamp:1735744081
2025-01-01T23:08:01,863 [INFO ] W-9000-densenet161_1.0 org.pytorch.serve.wlm.WorkerThread - Backend response time: 7612
2025-01-01T23:08:01,864 [INFO ] W-9000-densenet161_1.0 TS_METRICS - WorkerThreadTime.Milliseconds:39.0|#Level:Host|#hostname:LAPTOP-K5A5D0SQ,timestamp:1735744081
2025-01-01T23:08:02,843 [ERROR] Thread-3 org.pytorch.serve.metrics.MetricCollector - Traceback (most recent call last):
  File "D:\soft\Anaconda\Anaconda\envs\torchserve\Lib\site-packages\ts\metrics\metric_collector.py", line 27, in <module>
    system_metrics.collect_all(sys.modules['ts.metrics.system_metrics'], arguments.gpu)
  File "D:\soft\Anaconda\Anaconda\envs\torchserve\lib\site-packages\ts\metrics\system_metrics.py", line 119, in collect_all
    value(num_of_gpu)
  File "D:\soft\Anaconda\Anaconda\envs\torchserve\lib\site-packages\ts\metrics\system_metrics.py", line 64, in gpu_utilization
    import nvgpu
ModuleNotFoundError: No module named 'nvgpu'

2025-01-01T23:08:02,843 [ERROR] Thread-3 org.pytorch.serve.metrics.MetricCollector - Traceback (most recent call last):
  File "D:\soft\Anaconda\Anaconda\envs\torchserve\Lib\site-packages\ts\metrics\metric_collector.py", line 27, in <module>
    system_metrics.collect_all(sys.modules['ts.metrics.system_metrics'], arguments.gpu)
  File "D:\soft\Anaconda\Anaconda\envs\torchserve\lib\site-packages\ts\metrics\system_metrics.py", line 119, in collect_all
    value(num_of_gpu)
  File "D:\soft\Anaconda\Anaconda\envs\torchserve\lib\site-packages\ts\metrics\system_metrics.py", line 64, in gpu_utilization
    import nvgpu
ModuleNotFoundError: No module named 'nvgpu'

