2025-01-01T22:48:10,044 - WorkerLoadTime.Milliseconds:42112.0|#WorkerName:W-9000-densenet161_1.0,Level:Host|#hostname:LAPTOP-K5A5D0SQ,timestamp:1735742890
2025-01-01T22:48:10,044 - WorkerThreadTime.Milliseconds:8.0|#Level:Host|#hostname:LAPTOP-K5A5D0SQ,timestamp:1735742890
2025-01-01T22:50:19,449 - Requests4XX.Count:1.0|#Level:Host|#hostname:LAPTOP-K5A5D0SQ,timestamp:1735743019
2025-01-01T22:51:45,586 - WorkerLoadTime.Milliseconds:3918.0|#WorkerName:W-9000-densenet161_1.0,Level:Host|#hostname:LAPTOP-K5A5D0SQ,timestamp:1735743105
2025-01-01T22:51:45,586 - WorkerThreadTime.Milliseconds:0.0|#Level:Host|#hostname:LAPTOP-K5A5D0SQ,timestamp:1735743105
2025-01-01T22:52:19,306 - Requests2XX.Count:1.0|#Level:Host|#hostname:LAPTOP-K5A5D0SQ,timestamp:1735743139
2025-01-01T22:52:45,257 - Requests2XX.Count:1.0|#Level:Host|#hostname:LAPTOP-K5A5D0SQ,timestamp:1735743165
2025-01-01T23:01:18,466 - ts_inference_requests_total.Count:1.0|#model_name:densenet161,model_version:default|#hostname:LAPTOP-K5A5D0SQ,timestamp:1735743678
2025-01-01T23:04:42,130 - Requests2XX.Count:1.0|#Level:Host|#hostname:LAPTOP-K5A5D0SQ,timestamp:1735743882
2025-01-01T23:04:42,130 - Requests2XX.Count:1.0|#Level:Host|#hostname:LAPTOP-K5A5D0SQ,timestamp:1735743882
2025-01-01T23:04:46,019 - Requests2XX.Count:1.0|#Level:Host|#hostname:LAPTOP-K5A5D0SQ,timestamp:1735743886
2025-01-01T23:04:46,023 - ts_inference_latency_microseconds.Microseconds:3887957.1|#model_name:densenet161,model_version:default|#hostname:LAPTOP-K5A5D0SQ,timestamp:1735743886
2025-01-01T23:04:46,023 - ts_queue_latency_microseconds.Microseconds:375.2|#model_name:densenet161,model_version:default|#hostname:LAPTOP-K5A5D0SQ,timestamp:1735743886
2025-01-01T23:04:46,023 - QueueTime.Milliseconds:0.0|#Level:Host|#hostname:LAPTOP-K5A5D0SQ,timestamp:1735743886
2025-01-01T23:04:46,023 - WorkerThreadTime.Milliseconds:32.0|#Level:Host|#hostname:LAPTOP-K5A5D0SQ,timestamp:1735743886
2025-01-01T23:06:06,804 - WorkerLoadTime.Milliseconds:4598.0|#WorkerName:W-9000-densenet161_1.0,Level:Host|#hostname:LAPTOP-K5A5D0SQ,timestamp:1735743966
2025-01-01T23:06:06,804 - WorkerThreadTime.Milliseconds:32.0|#Level:Host|#hostname:LAPTOP-K5A5D0SQ,timestamp:1735743966
2025-01-01T23:06:12,537 - Requests2XX.Count:1.0|#Level:Host|#hostname:LAPTOP-K5A5D0SQ,timestamp:1735743972
2025-01-01T23:06:24,567 - Requests2XX.Count:1.0|#Level:Host|#hostname:LAPTOP-K5A5D0SQ,timestamp:1735743984
2025-01-01T23:07:54,213 - ts_inference_requests_total.Count:1.0|#model_name:densenet161,model_version:default|#hostname:LAPTOP-K5A5D0SQ,timestamp:1735744074
2025-01-01T23:08:01,852 - Requests2XX.Count:1.0|#Level:Host|#hostname:LAPTOP-K5A5D0SQ,timestamp:1735744081
2025-01-01T23:08:01,854 - ts_inference_latency_microseconds.Microseconds:7627014.1|#model_name:densenet161,model_version:default|#hostname:LAPTOP-K5A5D0SQ,timestamp:1735744081
2025-01-01T23:08:01,860 - ts_queue_latency_microseconds.Microseconds:367.3|#model_name:densenet161,model_version:default|#hostname:LAPTOP-K5A5D0SQ,timestamp:1735744081
2025-01-01T23:08:01,861 - QueueTime.Milliseconds:0.0|#Level:Host|#hostname:LAPTOP-K5A5D0SQ,timestamp:1735744081
2025-01-01T23:08:01,864 - WorkerThreadTime.Milliseconds:39.0|#Level:Host|#hostname:LAPTOP-K5A5D0SQ,timestamp:1735744081
